<?xml version="1.0" encoding="UTF-8"?>
<!-- Generated by org.testng.reporters.JUnitReportReporter -->
<testsuite hostname="AmitKumar-AtlasAdm" failures="0" tests="3" name="com.cms.testcases.ApprovalRegularizationTest" time="63.576" errors="0" timestamp="2025-08-28T03:44:15 GMT-04:00" skipped="0">
  <testcase classname="com.cms.testcases.ApprovalRegularizationTest" name="ValidateRegularizationFunctionality" time="39.536"/>
  <system-out/>
  <testcase classname="com.cms.testcases.ApprovalRegularizationTest" name="DeleteTestUserRecord" time="3.370"/>
  <system-out/>
  <testcase classname="com.cms.testcases.ApprovalRegularizationTest" name="ValidateApproveRegularizationFunctionality" time="20.670"/>
  <system-out/>
</testsuite> <!-- com.cms.testcases.ApprovalRegularizationTest -->
