<?xml version="1.0" encoding="UTF-8"?>
<!-- Generated by org.testng.reporters.JUnitReportReporter -->
<testsuite hostname="AmitKumar-AtlasAdm" failures="0" tests="1" name="com.cms.testcases.LoginTest" time="14.339" errors="0" timestamp="2025-08-22T01:15:10 GMT-04:00" skipped="0">
  <testcase classname="com.cms.testcases.LoginTest" name="ValidateLoginFunctionality" time="14.339"/>
  <system-out/>
</testsuite> <!-- com.cms.testcases.LoginTest -->
