<?xml version="1.0" encoding="UTF-8"?>
<!-- Generated by org.testng.reporters.JUnitReportReporter -->
<testsuite hostname="AmitKumar-AtlasAdm" failures="0" tests="1" name="com.cms.testcases.Create_MultipleAccountFromCsv" time="81.132" errors="0" timestamp="2024-08-30T17:59:18 IST" skipped="0">
  <testcase classname="com.cms.testcases.Create_MultipleAccountFromCsv" name="VerifyAddNewAccountFunctionality" time="81.132"/>
  <system-out/>
</testsuite> <!-- com.cms.testcases.Create_MultipleAccountFromCsv -->
