<?xml version="1.0" encoding="UTF-8"?>
<!-- Generated by org.testng.reporters.JUnitReportReporter -->
<testsuite hostname="AmitKumar-AtlasAdm" failures="0" tests="1" name="com.cms.testcases.Gross_TaskHourValidationTest" time="72.660" errors="0" timestamp="2025-04-18T11:12:06 IST" skipped="0">
  <testcase classname="com.cms.testcases.Gross_TaskHourValidationTest" name="ValidateUserAccessPermission" time="72.660"/>
  <system-out/>
</testsuite> <!-- com.cms.testcases.Gross_TaskHourValidationTest -->
