<?xml version="1.0" encoding="UTF-8"?>
<!-- Generated by org.testng.reporters.JUnitReportReporter -->
<testsuite hostname="AmitKumar-AtlasAdm" failures="0" tests="1" name="com.cms.testcases.AddTaskTest2" time="54.837" errors="0" timestamp="2025-03-03T13:56:52 IST" skipped="0">
  <testcase classname="com.cms.testcases.AddTaskTest2" name="ValidateUserAccessPermission" time="54.837"/>
  <system-out/>
</testsuite> <!-- com.cms.testcases.AddTaskTest2 -->
