<?xml version="1.0" encoding="UTF-8"?>
<!-- Generated by org.testng.reporters.JUnitReportReporter -->
<testsuite hostname="AmitKumar-AtlasAdm" failures="0" tests="2" name="com.cms.testcases.ApplyLeaveTest2" time="31.220" errors="0" timestamp="2025-07-31T12:50:51 IST" skipped="0">
  <testcase classname="com.cms.testcases.ApplyLeaveTest2" name="DeleteTestUserRecord" time="3.007"/>
  <system-out/>
  <testcase classname="com.cms.testcases.ApplyLeaveTest2" name="ValidateapplyLeaveFunctionality" time="28.213"/>
  <system-out/>
</testsuite> <!-- com.cms.testcases.ApplyLeaveTest2 -->
