<?xml version="1.0" encoding="UTF-8"?>
<!-- Generated by org.testng.reporters.JUnitReportReporter -->
<testsuite hostname="AmitKumar-AtlasAdm" failures="0" tests="1" name="com.cms.testcases.ApplyLeaveTest" time="26.913" errors="0" timestamp="2025-07-21T11:02:08 IST" skipped="0">
  <testcase classname="com.cms.testcases.ApplyLeaveTest" name="ValidateapplyLeaveFunctionality" time="26.913"/>
  <system-out/>
</testsuite> <!-- com.cms.testcases.ApplyLeaveTest -->
