<?xml version="1.0" encoding="UTF-8"?>
<!-- Generated by org.testng.reporters.JUnitReportReporter -->
<testsuite hostname="AmitKumar-AtlasAdm" failures="0" tests="2" name="com.cms.testcases.Delete_Multiple_Contacts" time="40.469" errors="0" timestamp="2024-09-04T13:38:43 IST" skipped="0">
  <testcase classname="com.cms.testcases.Delete_Multiple_Contacts" name="VerifyAddNewContactFunctionality" time="26.968"/>
  <system-out/>
  <testcase classname="com.cms.testcases.Delete_Multiple_Contacts" name="GetContact" time="13.501"/>
  <system-out/>
</testsuite> <!-- com.cms.testcases.Delete_Multiple_Contacts -->
