<?xml version="1.0" encoding="UTF-8"?>
<!-- Generated by org.testng.reporters.JUnitReportReporter -->
<testsuite hostname="AmitKumar-AtlasAdm" failures="0" tests="3" name="com.cms.testcases.Modified_Account_E2E_Flow" time="56.056" errors="0" timestamp="2024-12-16T17:53:02 IST" skipped="0">
  <testcase classname="com.cms.testcases.Modified_Account_E2E_Flow" name="VerifyAddNewAccountFunctionality" time="54.069"/>
  <system-out/>
  <testcase classname="com.cms.testcases.Modified_Account_E2E_Flow" name="GetAccount" time="1.646"/>
  <system-out/>
  <testcase classname="com.cms.testcases.Modified_Account_E2E_Flow" name="DeleteContact" time="0.341"/>
  <system-out/>
</testsuite> <!-- com.cms.testcases.Modified_Account_E2E_Flow -->
