<?xml version="1.0" encoding="UTF-8"?>
<!-- Generated by org.testng.reporters.JUnitReportReporter -->
<testsuite hostname="AmitKumar-AtlasAdm" failures="0" tests="5" name="com.cms.testcases.AddTaskTestNegativeScenario_3" time="47.660" errors="0" timestamp="2025-07-28T11:19:48 IST" skipped="0">
  <testcase classname="com.cms.testcases.AddTaskTestNegativeScenario_3" name="ValidateClockIn" time="3.499"/>
  <system-out/>
  <testcase classname="com.cms.testcases.AddTaskTestNegativeScenario_3" name="ValidateBreakIn" time="1.187"/>
  <system-out/>
  <testcase classname="com.cms.testcases.AddTaskTestNegativeScenario_3" name="ValidateBreakOut" time="1.168"/>
  <system-out/>
  <testcase classname="com.cms.testcases.AddTaskTestNegativeScenario_3" name="ValidateClockOut" time="1.165"/>
  <system-out/>
  <testcase classname="com.cms.testcases.AddTaskTestNegativeScenario_3" name="ValidateAddTaskFunctionalityAfterClockOut" time="40.641"/>
  <system-out/>
</testsuite> <!-- com.cms.testcases.AddTaskTestNegativeScenario_3 -->
