<?xml version="1.0" encoding="UTF-8"?>
<!-- Generated by org.testng.reporters.JUnitReportReporter -->
<testsuite hostname="AmitKumar-AtlasAdm" failures="0" tests="2" name="com.cms.testcases.ApplyLeaveNegativeScenarioTest" time="22.902" errors="0" timestamp="2025-07-30T11:52:31 IST" skipped="0">
  <testcase classname="com.cms.testcases.ApplyLeaveNegativeScenarioTest" name="DeleteTestUserRecord" time="2.770"/>
  <system-out/>
  <testcase classname="com.cms.testcases.ApplyLeaveNegativeScenarioTest" name="ValidateaddNewTimesheetFunctionality" time="20.132"/>
  <system-out/>
</testsuite> <!-- com.cms.testcases.ApplyLeaveNegativeScenarioTest -->
