<?xml version="1.0" encoding="UTF-8"?>
<!-- Generated by org.testng.reporters.JUnitReportReporter -->
<testsuite hostname="AmitKumar-AtlasAdm" failures="0" tests="1" name="com.cms.testcases.AddTaskTestScenario2" time="62.618" errors="0" timestamp="2025-04-10T08:20:17 GMT-04:00" skipped="0">
  <testcase classname="com.cms.testcases.AddTaskTestScenario2" name="ValidateUserAccessPermission" time="62.618"/>
  <system-out/>
</testsuite> <!-- com.cms.testcases.AddTaskTestScenario2 -->
