<?xml version="1.0" encoding="UTF-8"?>
<!-- Generated by org.testng.reporters.JUnitReportReporter -->
<testsuite hostname="AmitKumar-AtlasAdm" failures="0" tests="1" name="com.cms.testcases.LoginTest" time="13.091" errors="0" timestamp="2025-06-23T04:06:47 GMT-04:00" skipped="0">
  <testcase classname="com.cms.testcases.LoginTest" name="ValidateLoginFunctionality" time="13.091"/>
  <system-out/>
</testsuite> <!-- com.cms.testcases.LoginTest -->
