<?xml version="1.0" encoding="UTF-8"?>
<!-- Generated by org.testng.reporters.JUnitReportReporter -->
<testsuite hostname="AmitKumar-AtlasAdm" failures="0" tests="2" name="com.cms.testcases.ApplyLeaveTest" time="29.582" errors="0" timestamp="2025-07-29T10:39:01 IST" skipped="0">
  <testcase classname="com.cms.testcases.ApplyLeaveTest" name="DeleteTestUserRecord" time="2.670"/>
  <system-out/>
  <testcase classname="com.cms.testcases.ApplyLeaveTest" name="ValidateapplyLeaveFunctionality" time="26.912"/>
  <system-out/>
</testsuite> <!-- com.cms.testcases.ApplyLeaveTest -->
