<?xml version="1.0" encoding="UTF-8"?>
<!-- Generated by org.testng.reporters.JUnitReportReporter -->
<<<<<<< HEAD
<testsuite hostname="AmitKumar-AtlasAdm" failures="0" tests="6" name="com.cms.testcases.Validate_AttendanceFunctionality" time="30.067" errors="0" timestamp="2025-08-27T07:39:18 GMT-04:00" skipped="0">
  <testcase classname="com.cms.testcases.Validate_AttendanceFunctionality" name="ValidateClockIn" time="0.893"/>
  <system-out/>
  <testcase classname="com.cms.testcases.Validate_AttendanceFunctionality" name="DeleteTestUserRecord" time="2.042"/>
  <system-out/>
  <testcase classname="com.cms.testcases.Validate_AttendanceFunctionality" name="ValidateBreakIn" time="0.714"/>
  <system-out/>
  <testcase classname="com.cms.testcases.Validate_AttendanceFunctionality" name="ValidateBreakOut" time="0.801"/>
  <system-out/>
  <testcase classname="com.cms.testcases.Validate_AttendanceFunctionality" name="ValidateClockOut" time="0.742"/>
  <system-out/>
  <testcase classname="com.cms.testcases.Validate_AttendanceFunctionality" name="ValidateAddedTimesheetEntry" time="24.875"/>
=======
<testsuite hostname="AmitKumar-AtlasAdm" failures="0" tests="6" name="com.cms.testcases.Validate_AttendanceFunctionality" time="37.406" errors="0" timestamp="2025-07-31T12:28:31 IST" skipped="0">
  <testcase classname="com.cms.testcases.Validate_AttendanceFunctionality" name="DeleteTestUserRecord" time="4.317"/>
  <system-out/>
  <testcase classname="com.cms.testcases.Validate_AttendanceFunctionality" name="ValidateClockIn" time="2.672"/>
  <system-out/>
  <testcase classname="com.cms.testcases.Validate_AttendanceFunctionality" name="ValidateBreakIn" time="2.135"/>
  <system-out/>
  <testcase classname="com.cms.testcases.Validate_AttendanceFunctionality" name="ValidateBreakOut" time="1.783"/>
  <system-out/>
  <testcase classname="com.cms.testcases.Validate_AttendanceFunctionality" name="ValidateClockOut" time="1.786"/>
  <system-out/>
  <testcase classname="com.cms.testcases.Validate_AttendanceFunctionality" name="ValidateAddedTimesheetEntry" time="24.713"/>
>>>>>>> afe53dadd2d36ae04716e878708d2494adee785f
  <system-out/>
</testsuite> <!-- com.cms.testcases.Validate_AttendanceFunctionality -->
