<?xml version="1.0" encoding="UTF-8"?>
<!-- Generated by org.testng.reporters.JUnitReportReporter -->
<testsuite hostname="AmitKumar-AtlasAdm" failures="0" tests="4" name="com.cms.testcases.copy_Account_E2E_Flow" time="107.064" errors="0" timestamp="2024-10-04T16:58:03 IST" skipped="0">
  <testcase classname="com.cms.testcases.copy_Account_E2E_Flow" name="VerifyAddNewAccountFunctionality" time="90.865"/>
  <system-out/>
  <testcase classname="com.cms.testcases.copy_Account_E2E_Flow" name="GetAccount" time="6.764"/>
  <system-out/>
  <testcase classname="com.cms.testcases.copy_Account_E2E_Flow" name="DeleteContact" time="5.189"/>
  <system-out/>
  <testcase classname="com.cms.testcases.copy_Account_E2E_Flow" name="AllValidationCheck" time="4.246"/>
  <system-out/>
</testsuite> <!-- com.cms.testcases.copy_Account_E2E_Flow -->
