<?xml version="1.0" encoding="UTF-8"?>
<!-- Generated by org.testng.reporters.JUnitReportReporter -->
<testsuite hostname="AmitKumar-AtlasAdm" failures="0" tests="6" name="com.cms.testcases.Validate_AttendanceFunctionality" time="37.406" errors="0" timestamp="2025-07-31T12:28:31 IST" skipped="0">
  <testcase classname="com.cms.testcases.Validate_AttendanceFunctionality" name="DeleteTestUserRecord" time="4.317"/>
  <system-out/>
  <testcase classname="com.cms.testcases.Validate_AttendanceFunctionality" name="ValidateClockIn" time="2.672"/>
  <system-out/>
  <testcase classname="com.cms.testcases.Validate_AttendanceFunctionality" name="ValidateBreakIn" time="2.135"/>
  <system-out/>
  <testcase classname="com.cms.testcases.Validate_AttendanceFunctionality" name="ValidateBreakOut" time="1.783"/>
  <system-out/>
  <testcase classname="com.cms.testcases.Validate_AttendanceFunctionality" name="ValidateClockOut" time="1.786"/>
  <system-out/>
  <testcase classname="com.cms.testcases.Validate_AttendanceFunctionality" name="ValidateAddedTimesheetEntry" time="24.713"/>
  <system-out/>
</testsuite> <!-- com.cms.testcases.Validate_AttendanceFunctionality -->
