<?xml version="1.0" encoding="UTF-8"?>
<!-- Generated by org.testng.reporters.JUnitReportReporter -->
<testsuite hostname="AmitKumar-AtlasAdm" failures="0" tests="6" name="com.cms.testcases.Validate_AttendanceFunctionality" time="32.846" errors="0" timestamp="2025-07-30T10:24:09 IST" skipped="0">
  <testcase classname="com.cms.testcases.Validate_AttendanceFunctionality" name="ValidateClockIn" time="1.670"/>
  <system-out/>
  <testcase classname="com.cms.testcases.Validate_AttendanceFunctionality" name="DeleteTestUserRecord" time="2.905"/>
  <system-out/>
  <testcase classname="com.cms.testcases.Validate_AttendanceFunctionality" name="ValidateBreakIn" time="1.341"/>
  <system-out/>
  <testcase classname="com.cms.testcases.Validate_AttendanceFunctionality" name="ValidateBreakOut" time="1.272"/>
  <system-out/>
  <testcase classname="com.cms.testcases.Validate_AttendanceFunctionality" name="ValidateClockOut" time="1.332"/>
  <system-out/>
  <testcase classname="com.cms.testcases.Validate_AttendanceFunctionality" name="ValidateAddedTimesheetEntry" time="24.326"/>
  <system-out/>
</testsuite> <!-- com.cms.testcases.Validate_AttendanceFunctionality -->
