<?xml version="1.0" encoding="UTF-8"?>
<!-- Generated by org.testng.reporters.JUnitReportReporter -->
<testsuite hostname="AmitKumar-AtlasAdm" failures="0" tests="1" name="com.cms.testcases.RoleTest" time="15.180" errors="0" timestamp="2025-02-03T17:31:18 IST" skipped="0">
  <testcase classname="com.cms.testcases.RoleTest" name="ValidateUserAccessPermission" time="15.180"/>
  <system-out/>
</testsuite> <!-- com.cms.testcases.RoleTest -->
