<?xml version="1.0" encoding="UTF-8"?>
<!-- Generated by org.testng.reporters.JUnitReportReporter -->
<testsuite hostname="AmitKumar-AtlasAdm" failures="0" tests="3" name="com.cms.testcases.TimesheetSubmissionApprovalScenario" time="165.377" errors="0" timestamp="2025-08-25T09:52:01 GMT-04:00" skipped="0">
  <testcase classname="com.cms.testcases.TimesheetSubmissionApprovalScenario" name="DeleteTestUserRecord" time="2.286"/>
  <system-out/>
  <testcase classname="com.cms.testcases.TimesheetSubmissionApprovalScenario" name="ValidateTimesheetSubmissionFunctionality" time="126.803"/>
  <system-out/>
  <testcase classname="com.cms.testcases.TimesheetSubmissionApprovalScenario" name="ValidateApproveTimesheetReportFunctionality" time="36.288"/>
  <system-out/>
</testsuite> <!-- com.cms.testcases.TimesheetSubmissionApprovalScenario -->
