<?xml version="1.0" encoding="UTF-8"?>
<!-- Generated by org.testng.reporters.JUnitReportReporter -->
<testsuite hostname="AmitKumar-AtlasAdm" failures="0" tests="2" name="com.cms.testcases.TimesheetSubmissionScenario3" time="102.023" errors="0" timestamp="2025-07-30T13:06:57 IST" skipped="0">
  <testcase classname="com.cms.testcases.TimesheetSubmissionScenario3" name="DeleteTestUserRecord" time="2.824"/>
  <system-out/>
  <testcase classname="com.cms.testcases.TimesheetSubmissionScenario3" name="ValidateaddNewTimesheetFunctionality" time="99.199"/>
  <system-out/>
</testsuite> <!-- com.cms.testcases.TimesheetSubmissionScenario3 -->
