<?xml version="1.0" encoding="UTF-8"?>
<!-- Generated by org.testng.reporters.JUnitReportReporter -->
<testsuite hostname="AmitKumar-AtlasAdm" failures="0" tests="2" name="com.cms.testcases.TimesheetSubmissionScenario5" time="112.299" errors="0" timestamp="2025-08-12T07:40:44 GMT-04:00" skipped="0">
  <testcase classname="com.cms.testcases.TimesheetSubmissionScenario5" name="DeleteTestUserRecord" time="3.069"/>
  <system-out/>
  <testcase classname="com.cms.testcases.TimesheetSubmissionScenario5" name="ValidateaddNewTimesheetFunctionality" time="109.230"/>
  <system-out/>
</testsuite> <!-- com.cms.testcases.TimesheetSubmissionScenario5 -->
