<?xml version="1.0" encoding="UTF-8"?>
<!-- Generated by org.testng.reporters.JUnitReportReporter -->
<testsuite hostname="AmitKumar-AtlasAdm" failures="0" tests="5" name="com.cms.testcases.AddTaskTestScenario2" time="45.670" errors="0" timestamp="2025-07-21T12:25:26 IST" skipped="0">
  <testcase classname="com.cms.testcases.AddTaskTestScenario2" name="ValidateClockIn" time="4.653"/>
  <system-out/>
  <testcase classname="com.cms.testcases.AddTaskTestScenario2" name="ValidateBreakIn" time="1.273"/>
  <system-out/>
  <testcase classname="com.cms.testcases.AddTaskTestScenario2" name="ValidateBreakOut" time="1.171"/>
  <system-out/>
  <testcase classname="com.cms.testcases.AddTaskTestScenario2" name="ValidateAddTaskFunctionalityAfterClockOut" time="37.229"/>
  <system-out/>
  <testcase classname="com.cms.testcases.AddTaskTestScenario2" name="ValidateClockOut" time="1.344"/>
  <system-out/>
</testsuite> <!-- com.cms.testcases.AddTaskTestScenario2 -->
