<?xml version="1.0" encoding="UTF-8"?>
<!-- Generated by org.testng.reporters.JUnitReportReporter -->
<testsuite hostname="AmitKumar-AtlasAdm" failures="0" tests="1" name="com.cms.testcases.ApplicationTest" time="20.105" errors="0" timestamp="2025-02-03T18:20:11 IST" skipped="0">
  <testcase classname="com.cms.testcases.ApplicationTest" name="ValidateUserAccessPermission" time="20.105"/>
  <system-out/>
</testsuite> <!-- com.cms.testcases.ApplicationTest -->
