<?xml version="1.0" encoding="UTF-8"?>
<!-- Generated by org.testng.reporters.JUnitReportReporter -->
<testsuite hostname="AmitKumar-AtlasAdm" failures="0" tests="4" name="com.cms.testcases.Validate_AttendanceFunctionality" time="7.814" errors="0" timestamp="2025-06-23T03:30:54 GMT-04:00" skipped="0">
  <testcase classname="com.cms.testcases.Validate_AttendanceFunctionality" name="ValidateClockIn" time="3.945"/>
  <system-out/>
  <testcase classname="com.cms.testcases.Validate_AttendanceFunctionality" name="ValidateBreakIn" time="1.344"/>
  <system-out/>
  <testcase classname="com.cms.testcases.Validate_AttendanceFunctionality" name="ValidateBreakOut" time="1.368"/>
  <system-out/>
  <testcase classname="com.cms.testcases.Validate_AttendanceFunctionality" name="ValidateClockOut" time="1.157"/>
  <system-out/>
</testsuite> <!-- com.cms.testcases.Validate_AttendanceFunctionality -->
