<?xml version="1.0" encoding="UTF-8"?>
<!-- Generated by org.testng.reporters.JUnitReportReporter -->
<testsuite hostname="AmitKumar-AtlasAdm" failures="0" tests="1" name="com.cms.testcases.ChangePasswordTest" time="16.974" errors="0" timestamp="2025-08-07T07:25:59 GMT-04:00" skipped="0">
  <testcase classname="com.cms.testcases.ChangePasswordTest" name="ValidateLoginFunctionality" time="16.974"/>
  <system-out/>
</testsuite> <!-- com.cms.testcases.ChangePasswordTest -->
