<?xml version="1.0" encoding="UTF-8"?>
<!-- Generated by org.testng.reporters.JUnitReportReporter -->
<testsuite hostname="AmitKumar-AtlasAdm" failures="0" tests="2" name="com.cms.testcases.TimesheetSubmissionTest" time="115.846" errors="0" timestamp="2025-07-29T10:41:33 IST" skipped="0">
  <testcase classname="com.cms.testcases.TimesheetSubmissionTest" name="DeleteTestUserRecord" time="2.641"/>
  <system-out/>
  <testcase classname="com.cms.testcases.TimesheetSubmissionTest" name="ValidateaddNewTimesheetFunctionality" time="113.205"/>
  <system-out/>
</testsuite> <!-- com.cms.testcases.TimesheetSubmissionTest -->
