<?xml version="1.0" encoding="UTF-8"?>
<!-- Generated by org.testng.reporters.JUnitReportReporter -->
<testsuite hostname="AmitKumar-AtlasAdm" failures="0" tests="2" name="com.cms.testcases.TimesheetSubmissionScenario3" time="98.184" errors="0" timestamp="2025-08-26T07:38:48 GMT-04:00" skipped="0">
  <testcase classname="com.cms.testcases.TimesheetSubmissionScenario3" name="DeleteTestUserRecord" time="2.827"/>
  <system-out/>
  <testcase classname="com.cms.testcases.TimesheetSubmissionScenario3" name="ValidateaddNewTimesheetFunctionality" time="95.357"/>
  <system-out/>
</testsuite> <!-- com.cms.testcases.TimesheetSubmissionScenario3 -->
