<?xml version="1.0" encoding="UTF-8"?>
<!-- Generated by org.testng.reporters.JUnitReportReporter -->
<testsuite hostname="AmitKumar-AtlasAdm" failures="0" tests="1" name="com.cms.testcases.AddTaskTestScenario2" time="74.909" errors="0" timestamp="2025-04-16T17:00:23 IST" skipped="0">
  <testcase classname="com.cms.testcases.AddTaskTestScenario2" name="ValidateUserAccessPermission" time="74.909"/>
  <system-out/>
</testsuite> <!-- com.cms.testcases.AddTaskTestScenario2 -->
