<?xml version="1.0" encoding="UTF-8"?>
<!-- Generated by org.testng.reporters.JUnitReportReporter -->
<testsuite hostname="AmitKumar-AtlasAdm" failures="0" tests="4" name="com.cms.testcases.Create_deleteTeam" time="42.126" errors="0" timestamp="2024-05-30T16:20:13 IST" skipped="0">
  <testcase classname="com.cms.testcases.Create_deleteTeam" name="VerifyAddNewTeamFunctionality" time="27.515"/>
  <system-out/>
  <testcase classname="com.cms.testcases.Create_deleteTeam" name="VerifyTeamSearchfunctionality" time="8.406"/>
  <system-out/>
  <testcase classname="com.cms.testcases.Create_deleteTeam" name="GetTeam" time="3.947"/>
  <system-out/>
  <testcase classname="com.cms.testcases.Create_deleteTeam" name="DeleteTeam" time="2.258"/>
  <system-out/>
</testsuite> <!-- com.cms.testcases.Create_deleteTeam -->
