<?xml version="1.0" encoding="UTF-8"?>
<!-- Generated by org.testng.reporters.JUnitReportReporter -->
<testsuite hostname="AmitKumar-AtlasAdm" failures="0" tests="1" name="com.cms.testcases.AddTaskTestScenario2" time="126.415" errors="0" timestamp="2025-04-18T11:01:02 IST" skipped="0">
  <testcase classname="com.cms.testcases.AddTaskTestScenario2" name="ValidateUserAccessPermission" time="126.415"/>
  <system-out/>
</testsuite> <!-- com.cms.testcases.AddTaskTestScenario2 -->
