<?xml version="1.0" encoding="UTF-8"?>
<!-- Generated by org.testng.reporters.JUnitReportReporter -->
<testsuite hostname="AmitKumar-AtlasAdm" failures="0" tests="1" name="com.cms.testcases.UserTest" time="20.005" errors="0" timestamp="2025-02-03T15:36:21 IST" skipped="0">
  <testcase classname="com.cms.testcases.UserTest" name="ValidateUserAccessPermission" time="20.005"/>
  <system-out/>
</testsuite> <!-- com.cms.testcases.UserTest -->
