<?xml version="1.0" encoding="UTF-8"?>
<!-- Generated by org.testng.reporters.JUnitReportReporter -->
<testsuite hostname="AmitKumar-AtlasAdm" failures="0" tests="6" name="com.cms.testcases.AddTaskTest" time="46.809" errors="0" timestamp="2025-08-28T03:33:22 GMT-04:00" skipped="0">
  <testcase classname="com.cms.testcases.AddTaskTest" name="DeleteTestUserRecord" time="2.209"/>
  <system-out/>
  <testcase classname="com.cms.testcases.AddTaskTest" name="ValidateClockIn" time="0.878"/>
  <system-out/>
  <testcase classname="com.cms.testcases.AddTaskTest" name="ValidateBreakIn" time="0.718"/>
  <system-out/>
  <testcase classname="com.cms.testcases.AddTaskTest" name="ValidateBreakOut" time="0.686"/>
  <system-out/>
  <testcase classname="com.cms.testcases.AddTaskTest" name="ValidateClockOut" time="0.678"/>
  <system-out/>
  <testcase classname="com.cms.testcases.AddTaskTest" name="ValidateAddTaskFunctionalityAfterClockOut" time="41.640"/>
  <system-out/>
</testsuite> <!-- com.cms.testcases.AddTaskTest -->
