<?xml version="1.0" encoding="UTF-8"?>
<!-- Generated by org.testng.reporters.JUnitReportReporter -->
<testsuite hostname="AmitKumar-AtlasAdm" failures="0" tests="4" name="com.cms.testcases.AddTaskTestScenario2" time="45.757" errors="0" timestamp="2025-08-28T03:31:51 GMT-04:00" skipped="0">
  <testcase classname="com.cms.testcases.AddTaskTestScenario2" name="ValidateClockIn" time="2.812"/>
  <system-out/>
  <testcase classname="com.cms.testcases.AddTaskTestScenario2" name="ValidateBreakIn" time="0.722"/>
  <system-out/>
  <testcase classname="com.cms.testcases.AddTaskTestScenario2" name="ValidateBreakOut" time="0.679"/>
  <system-out/>
  <testcase classname="com.cms.testcases.AddTaskTestScenario2" name="ValidateAddTaskFunctionalityAfterClockOut" time="41.544"/>
  <system-out/>
</testsuite> <!-- com.cms.testcases.AddTaskTestScenario2 -->
