<?xml version="1.0" encoding="UTF-8"?>
<!-- Generated by org.testng.reporters.JUnitReportReporter -->
<testsuite hostname="AmitKumar-AtlasAdm" failures="0" tests="1" name="com.cms.testcases.Modified_ProposalTest" time="44.234" errors="0" timestamp="2025-01-10T18:01:28 IST" skipped="0">
  <testcase classname="com.cms.testcases.Modified_ProposalTest" name="VerifyAddNewAccountFunctionality" time="44.234"/>
  <system-out/>
</testsuite> <!-- com.cms.testcases.Modified_ProposalTest -->
