<?xml version="1.0" encoding="UTF-8"?>
<!-- Generated by org.testng.reporters.JUnitReportReporter -->
<testsuite hostname="AmitKumar-AtlasAdm" failures="0" tests="1" name="com.cms.testcases.PermissionTest" time="11.231" errors="0" timestamp="2025-01-23T17:50:38 IST" skipped="0">
  <testcase classname="com.cms.testcases.PermissionTest" name="ValidateUserAccessPermission" time="11.231"/>
  <system-out/>
</testsuite> <!-- com.cms.testcases.PermissionTest -->
