<?xml version="1.0" encoding="UTF-8"?>
<!-- Generated by org.testng.reporters.JUnitReportReporter -->
<testsuite hostname="AmitKumar-AtlasAdm" failures="0" tests="3" name="com.cms.testcases.Modified_TeamTest2" time="18.034" errors="0" timestamp="2025-01-13T17:02:12 IST" skipped="0">
  <testcase classname="com.cms.testcases.Modified_TeamTest2" name="VerifyAddNewTeamFunctionality" time="14.886"/>
  <system-out/>
  <testcase classname="com.cms.testcases.Modified_TeamTest2" name="GetTeam" time="2.676"/>
  <system-out/>
  <testcase classname="com.cms.testcases.Modified_TeamTest2" name="DeleteTeam" time="0.472"/>
  <system-out/>
</testsuite> <!-- com.cms.testcases.Modified_TeamTest2 -->
