<?xml version="1.0" encoding="UTF-8"?>
<!-- Generated by org.testng.reporters.JUnitReportReporter -->
<testsuite hostname="AmitKumar-AtlasAdm" failures="0" tests="3" name="com.cms.testcases.Modified_Contact_E2E_Flow5" time="146.045" errors="0" timestamp="2024-12-16T13:40:58 IST" skipped="0">
  <testcase classname="com.cms.testcases.Modified_Contact_E2E_Flow5" name="VerifyAddNewContactFunctionality" time="143.386"/>
  <system-out/>
  <testcase classname="com.cms.testcases.Modified_Contact_E2E_Flow5" name="GetContact" time="2.270"/>
  <system-out/>
  <testcase classname="com.cms.testcases.Modified_Contact_E2E_Flow5" name="DeleteContact" time="0.389"/>
  <system-out/>
</testsuite> <!-- com.cms.testcases.Modified_Contact_E2E_Flow5 -->
