<?xml version="1.0" encoding="UTF-8"?>
<!-- Generated by org.testng.reporters.JUnitReportReporter -->
<testsuite hostname="AmitKumar-AtlasAdm" failures="0" tests="1" name="com.cms.testcases.TimesheetSlotMinimumHourValidationTest" time="28.741" errors="0" timestamp="2025-04-17T17:40:17 IST" skipped="0">
  <testcase classname="com.cms.testcases.TimesheetSlotMinimumHourValidationTest" name="ValidateUserAccessPermission" time="28.741"/>
  <system-out/>
</testsuite> <!-- com.cms.testcases.TimesheetSlotMinimumHourValidationTest -->
