<?xml version="1.0" encoding="UTF-8"?>
<!-- Generated by org.testng.reporters.JUnitReportReporter -->
<testsuite hostname="AmitKumar-AtlasAdm" failures="0" tests="5" name="com.cms.testcases.AddTaskTest" time="45.544" errors="0" timestamp="2025-06-19T05:41:13 GMT-04:00" skipped="0">
  <testcase classname="com.cms.testcases.AddTaskTest" name="ValidateClockIn" time="3.705"/>
  <system-out/>
  <testcase classname="com.cms.testcases.AddTaskTest" name="ValidateBreakIn" time="1.377"/>
  <system-out/>
  <testcase classname="com.cms.testcases.AddTaskTest" name="ValidateBreakOut" time="1.438"/>
  <system-out/>
  <testcase classname="com.cms.testcases.AddTaskTest" name="ValidateClockOut" time="1.377"/>
  <system-out/>
  <testcase classname="com.cms.testcases.AddTaskTest" name="ValidateAddTaskFunctionalityAfterClockOut" time="37.647"/>
  <system-out/>
</testsuite> <!-- com.cms.testcases.AddTaskTest -->
