<?xml version="1.0" encoding="UTF-8"?>
<!-- Generated by org.testng.reporters.JUnitReportReporter -->
<testsuite hostname="AmitKumar-AtlasAdm" failures="0" tests="1" name="com.cms.testcases.NewTimesheetSubmission" time="322.497" errors="0" timestamp="2025-07-24T11:07:04 IST" skipped="0">
  <testcase classname="com.cms.testcases.NewTimesheetSubmission" name="ValidateaddNewTimesheetFunctionality" time="322.497"/>
  <system-out/>
</testsuite> <!-- com.cms.testcases.NewTimesheetSubmission -->
