<?xml version="1.0" encoding="UTF-8"?>
<!-- Generated by org.testng.reporters.JUnitReportReporter -->
<testsuite hostname="AmitKumar-AtlasAdm" failures="0" tests="4" name="com.cms.testcases.TeamTest" time="27.297" errors="0" timestamp="2024-12-10T15:43:07 IST" skipped="0">
  <testcase classname="com.cms.testcases.TeamTest" name="VerifyAddNewTeamFunctionality" time="18.058"/>
  <system-out/>
  <testcase classname="com.cms.testcases.TeamTest" name="GetTeam" time="4.313"/>
  <system-out/>
  <testcase classname="com.cms.testcases.TeamTest" name="DeleteTeam" time="2.665"/>
  <system-out/>
  <testcase classname="com.cms.testcases.TeamTest" name="AllValidationCheck" time="2.261"/>
  <system-out/>
</testsuite> <!-- com.cms.testcases.TeamTest -->
