<?xml version="1.0" encoding="UTF-8"?>
<!-- Generated by org.testng.reporters.JUnitReportReporter -->
<testsuite hostname="AmitKumar-AtlasAdm" failures="0" tests="1" name="com.cms.testcases.ClientTest" time="62.656" errors="0" timestamp="2025-01-29T15:52:05 IST" skipped="0">
  <testcase classname="com.cms.testcases.ClientTest" name="ValidateUserAccessPermission" time="62.656"/>
  <system-out/>
</testsuite> <!-- com.cms.testcases.ClientTest -->
