<?xml version="1.0" encoding="UTF-8"?>
<!-- Generated by org.testng.reporters.JUnitReportReporter -->
<testsuite hostname="AmitKumar-AtlasAdm" failures="0" tests="1" name="com.cms.testcases.EditTimesheetTest" time="43.370" errors="0" timestamp="2025-04-18T11:02:04 IST" skipped="0">
  <testcase classname="com.cms.testcases.EditTimesheetTest" name="ValidateUserAccessPermission" time="43.370"/>
  <system-out/>
</testsuite> <!-- com.cms.testcases.EditTimesheetTest -->
