<?xml version="1.0" encoding="UTF-8"?>
<!-- Generated by org.testng.reporters.JUnitReportReporter -->
<testsuite hostname="AmitKumar-AtlasAdm" failures="0" tests="1" name="com.cms.testcases.TwentyFourhourValidationTest" time="28.256" errors="0" timestamp="2025-04-18T11:06:06 IST" skipped="0">
  <testcase classname="com.cms.testcases.TwentyFourhourValidationTest" name="ValidateUserAccessPermission" time="28.256"/>
  <system-out/>
</testsuite> <!-- com.cms.testcases.TwentyFourhourValidationTest -->
