<?xml version="1.0" encoding="UTF-8"?>
<!-- Generated by org.testng.reporters.JUnitReportReporter -->
<testsuite hostname="AmitKumar-AtlasAdm" failures="0" tests="1" name="com.cms.testcases.LoginTest" time="11.156" errors="0" timestamp="2025-04-02T17:31:19 IST" skipped="0">
  <testcase classname="com.cms.testcases.LoginTest" name="ValidateUserAccessPermission" time="11.156"/>
  <system-out/>
</testsuite> <!-- com.cms.testcases.LoginTest -->
