<?xml version="1.0" encoding="UTF-8"?>
<!-- Generated by org.testng.reporters.JUnitReportReporter -->
<testsuite hostname="AmitKumar-AtlasAdm" failures="0" tests="2" name="com.cms.testcases.ApplyLeaveTest" time="31.826" errors="0" timestamp="2025-07-31T12:48:08 IST" skipped="0">
  <testcase classname="com.cms.testcases.ApplyLeaveTest" name="DeleteTestUserRecord" time="3.159"/>
  <system-out/>
  <testcase classname="com.cms.testcases.ApplyLeaveTest" name="ValidateapplyLeaveFunctionality" time="28.667"/>
  <system-out/>
</testsuite> <!-- com.cms.testcases.ApplyLeaveTest -->
