<?xml version="1.0" encoding="UTF-8"?>
<!-- Generated by org.testng.reporters.JUnitReportReporter -->
<testsuite hostname="AmitKumar-AtlasAdm" failures="0" tests="2" name="com.cms.testcases.ApplyLeaveNegativeScenarioTest2_HalfDayLeave" time="34.327" errors="0" timestamp="2025-07-30T12:58:51 IST" skipped="0">
  <testcase classname="com.cms.testcases.ApplyLeaveNegativeScenarioTest2_HalfDayLeave" name="DeleteTestUserRecord" time="3.531"/>
  <system-out/>
  <testcase classname="com.cms.testcases.ApplyLeaveNegativeScenarioTest2_HalfDayLeave" name="ValidateaddNewTimesheetFunctionality" time="30.796"/>
  <system-out/>
</testsuite> <!-- com.cms.testcases.ApplyLeaveNegativeScenarioTest2_HalfDayLeave -->
