<?xml version="1.0" encoding="UTF-8"?>
<!-- Generated by org.testng.reporters.JUnitReportReporter -->
<testsuite hostname="AmitKumar-AtlasAdm" failures="0" tests="1" name="com.cms.testcases.Account_E2E_Flow2" time="2.168" errors="0" timestamp="2024-11-13T19:02:15 IST" skipped="0">
  <testcase classname="com.cms.testcases.Account_E2E_Flow2" name="GetAccount" time="2.168"/>
  <system-out/>
</testsuite> <!-- com.cms.testcases.Account_E2E_Flow2 -->
