<?xml version="1.0" encoding="UTF-8"?>
<!-- Generated by org.testng.reporters.JUnitReportReporter -->
<testsuite hostname="AmitKumar-AtlasAdm" failures="0" tests="2" name="com.cms.testcases.TimesheetSubmissionScenario4" time="111.443" errors="0" timestamp="2025-07-31T18:51:57 IST" skipped="0">
  <testcase classname="com.cms.testcases.TimesheetSubmissionScenario4" name="DeleteTestUserRecord" time="2.693"/>
  <system-out/>
  <testcase classname="com.cms.testcases.TimesheetSubmissionScenario4" name="ValidateaddNewTimesheetFunctionality" time="108.750"/>
  <system-out/>
</testsuite> <!-- com.cms.testcases.TimesheetSubmissionScenario4 -->
