<?xml version="1.0" encoding="UTF-8"?>
<!-- Generated by org.testng.reporters.JUnitReportReporter -->
<testsuite hostname="AmitKumar-AtlasAdm" failures="0" tests="1" name="com.cms.testcases.PreviousEntryClockOutValidationTest" time="41.722" errors="0" timestamp="2025-04-18T12:40:09 IST" skipped="0">
  <testcase classname="com.cms.testcases.PreviousEntryClockOutValidationTest" name="ValidateaddNewTimesheetFunctionality" time="41.722"/>
  <system-out/>
</testsuite> <!-- com.cms.testcases.PreviousEntryClockOutValidationTest -->
