<?xml version="1.0" encoding="UTF-8"?>
<!-- Generated by org.testng.reporters.JUnitReportReporter -->
<testsuite hostname="AmitKumar-AtlasAdm" failures="0" tests="1" name="com.cms.testcases.E2EFlowTest" time="77.733" errors="0" timestamp="2025-02-03T19:17:46 IST" skipped="0">
  <testcase classname="com.cms.testcases.E2EFlowTest" name="ValidateUserAccessPermission" time="77.733"/>
  <system-out/>
</testsuite> <!-- com.cms.testcases.E2EFlowTest -->
