<?xml version="1.0" encoding="UTF-8"?>
<!-- Generated by org.testng.reporters.JUnitReportReporter -->
<testsuite hostname="AmitKumar-AtlasAdm" failures="0" tests="4" name="com.cms.testcases.Contact_E2E_Flow4" time="161.837" errors="0" timestamp="2025-01-13T16:59:36 IST" skipped="0">
  <testcase classname="com.cms.testcases.Contact_E2E_Flow4" name="VerifyAddNewContactFunctionality" time="145.695"/>
  <system-out/>
  <testcase classname="com.cms.testcases.Contact_E2E_Flow4" name="GetContact" time="6.701"/>
  <system-out/>
  <testcase classname="com.cms.testcases.Contact_E2E_Flow4" name="DeleteContact" time="5.101"/>
  <system-out/>
  <testcase classname="com.cms.testcases.Contact_E2E_Flow4" name="AllValidationCheck" time="4.340"/>
  <system-out/>
</testsuite> <!-- com.cms.testcases.Contact_E2E_Flow4 -->
