<?xml version="1.0" encoding="UTF-8"?>
<!-- Generated by org.testng.reporters.JUnitReportReporter -->
<testsuite hostname="AmitKumar-AtlasAdm" failures="0" tests="2" name="com.cms.testcases.TimesheetSubmissionScenario1" time="114.951" errors="0" timestamp="2025-07-30T13:42:15 IST" skipped="0">
  <testcase classname="com.cms.testcases.TimesheetSubmissionScenario1" name="DeleteTestUserRecord" time="2.917"/>
  <system-out/>
  <testcase classname="com.cms.testcases.TimesheetSubmissionScenario1" name="ValidateaddNewTimesheetFunctionality" time="112.034"/>
  <system-out/>
</testsuite> <!-- com.cms.testcases.TimesheetSubmissionScenario1 -->
