<?xml version="1.0" encoding="UTF-8"?>
<!-- Generated by org.testng.reporters.JUnitReportReporter -->
<testsuite hostname="AmitKumar-AtlasAdm" failures="0" tests="1" name="com.cms.testcases.AccountTest" time="62.015" errors="0" timestamp="2024-05-16T19:02:24 IST" skipped="0">
  <testcase classname="com.cms.testcases.AccountTest" name="VerifyAddNewAccountFunctionality" time="62.015"/>
  <system-out/>
</testsuite> <!-- com.cms.testcases.AccountTest -->
