<?xml version="1.0" encoding="UTF-8"?>
<!-- Generated by org.testng.reporters.JUnitReportReporter -->
<testsuite hostname="AmitKumar-AtlasAdm" failures="0" tests="2" name="com.cms.testcases.ApplyLeaveTest" time="36.610" errors="0" timestamp="2025-08-28T03:34:54 GMT-04:00" skipped="0">
  <testcase classname="com.cms.testcases.ApplyLeaveTest" name="DeleteTestUserRecord" time="3.439"/>
  <system-out/>
  <testcase classname="com.cms.testcases.ApplyLeaveTest" name="ValidateapplyLeaveFunctionality" time="33.171"/>
  <system-out/>
</testsuite> <!-- com.cms.testcases.ApplyLeaveTest -->
