<?xml version="1.0" encoding="UTF-8"?>
<!-- Generated by org.testng.reporters.JUnitReportReporter -->
<testsuite hostname="AmitKumar-AtlasAdm" failures="0" tests="1" name="com.cms.testcases.Delete_SingleAccount" time="2.045" errors="0" timestamp="2024-06-28T19:44:56 IST" skipped="0">
  <testcase classname="com.cms.testcases.Delete_SingleAccount" name="DeletionOfContact" time="2.045"/>
  <system-out/>
</testsuite> <!-- com.cms.testcases.Delete_SingleAccount -->
