<?xml version="1.0" encoding="UTF-8"?>
<!-- Generated by org.testng.reporters.JUnitReportReporter -->
<testsuite hostname="AmitKumar-AtlasAdm" failures="0" tests="5" name="com.cms.testcases.AddTaskTest" time="46.344" errors="0" timestamp="2025-07-21T12:18:29 IST" skipped="0">
  <testcase classname="com.cms.testcases.AddTaskTest" name="ValidateClockIn" time="5.175"/>
  <system-out/>
  <testcase classname="com.cms.testcases.AddTaskTest" name="ValidateBreakIn" time="1.523"/>
  <system-out/>
  <testcase classname="com.cms.testcases.AddTaskTest" name="ValidateBreakOut" time="1.299"/>
  <system-out/>
  <testcase classname="com.cms.testcases.AddTaskTest" name="ValidateClockOut" time="1.345"/>
  <system-out/>
  <testcase classname="com.cms.testcases.AddTaskTest" name="ValidateAddTaskFunctionalityAfterClockOut" time="37.002"/>
  <system-out/>
</testsuite> <!-- com.cms.testcases.AddTaskTest -->
