<?xml version="1.0" encoding="UTF-8"?>
<!-- Generated by org.testng.reporters.JUnitReportReporter -->
<testsuite hostname="AmitKumar-AtlasAdm" failures="0" tests="1" name="com.cms.testcases.TimesheetSlotMinimumHourValidationTest" time="28.707" errors="0" timestamp="2025-04-30T15:05:12 IST" skipped="0">
  <testcase classname="com.cms.testcases.TimesheetSlotMinimumHourValidationTest" name="ValidateTimesheetSlotMinimumHourScenario" time="28.707"/>
  <system-out/>
</testsuite> <!-- com.cms.testcases.TimesheetSlotMinimumHourValidationTest -->
