<?xml version="1.0" encoding="UTF-8"?>
<!-- Generated by org.testng.reporters.JUnitReportReporter -->
<testsuite hostname="AmitKumar-AtlasAdm" failures="0" tests="5" name="com.cms.testcases.Create_deleteAccount" time="84.747" errors="0" timestamp="2024-05-29T18:47:36 IST" skipped="0">
  <testcase classname="com.cms.testcases.Create_deleteAccount" name="VerifyAddNewAccountFunctionality" time="39.669"/>
  <system-out/>
  <testcase classname="com.cms.testcases.Create_deleteAccount" name="SearchCreatedAccount" time="19.452"/>
  <system-out/>
  <testcase classname="com.cms.testcases.Create_deleteAccount" name="GetAccount" time="8.905"/>
  <system-out/>
  <testcase classname="com.cms.testcases.Create_deleteAccount" name="DeleteContact" time="3.371"/>
  <system-out/>
  <testcase classname="com.cms.testcases.Create_deleteAccount" name="SearchCreatedAccount2" time="13.350"/>
  <system-out/>
</testsuite> <!-- com.cms.testcases.Create_deleteAccount -->
