<?xml version="1.0" encoding="UTF-8"?>
<!-- Generated by org.testng.reporters.JUnitReportReporter -->
<testsuite hostname="AmitKumar-AtlasAdm" failures="0" tests="5" name="com.cms.testcases.AddTaskTestNegativeScenario_3" time="48.221" errors="0" timestamp="2025-07-30T14:55:12 IST" skipped="0">
  <testcase classname="com.cms.testcases.AddTaskTestNegativeScenario_3" name="ValidateClockIn" time="3.505"/>
  <system-out/>
  <testcase classname="com.cms.testcases.AddTaskTestNegativeScenario_3" name="ValidateBreakIn" time="1.342"/>
  <system-out/>
  <testcase classname="com.cms.testcases.AddTaskTestNegativeScenario_3" name="ValidateBreakOut" time="1.251"/>
  <system-out/>
  <testcase classname="com.cms.testcases.AddTaskTestNegativeScenario_3" name="ValidateClockOut" time="1.316"/>
  <system-out/>
  <testcase classname="com.cms.testcases.AddTaskTestNegativeScenario_3" name="ValidateAddTaskFunctionalityAfterClockOut" time="40.807"/>
  <system-out/>
</testsuite> <!-- com.cms.testcases.AddTaskTestNegativeScenario_3 -->
