<?xml version="1.0" encoding="UTF-8"?>
<!-- Generated by org.testng.reporters.JUnitReportReporter -->
<testsuite hostname="AmitKumar-AtlasAdm" failures="0" tests="4" name="com.cms.testcases.AddTaskTestScenario2" time="47.541" errors="0" timestamp="2025-07-31T18:08:57 IST" skipped="0">
  <testcase classname="com.cms.testcases.AddTaskTestScenario2" name="ValidateClockIn" time="3.376"/>
  <system-out/>
  <testcase classname="com.cms.testcases.AddTaskTestScenario2" name="ValidateBreakIn" time="1.424"/>
  <system-out/>
  <testcase classname="com.cms.testcases.AddTaskTestScenario2" name="ValidateBreakOut" time="1.485"/>
  <system-out/>
  <testcase classname="com.cms.testcases.AddTaskTestScenario2" name="ValidateAddTaskFunctionalityAfterClockOut" time="41.256"/>
  <system-out/>
</testsuite> <!-- com.cms.testcases.AddTaskTestScenario2 -->
