<?xml version="1.0" encoding="UTF-8"?>
<!-- Generated by org.testng.reporters.JUnitReportReporter -->
<testsuite hostname="AmitKumar-AtlasAdm" failures="0" tests="1" name="com.cms.testcases.AddNewTimesheetTest" time="28.425" errors="0" timestamp="2025-04-18T11:10:04 IST" skipped="0">
  <testcase classname="com.cms.testcases.AddNewTimesheetTest" name="ValidateUserAccessPermission" time="28.425"/>
  <system-out/>
</testsuite> <!-- com.cms.testcases.AddNewTimesheetTest -->
