<?xml version="1.0" encoding="UTF-8"?>
<!-- Generated by org.testng.reporters.JUnitReportReporter -->
<testsuite hostname="AmitKumar-AtlasAdm" failures="0" tests="1" name="com.cms.testcases.DashboardTest" time="13.145" errors="0" timestamp="2025-07-31T15:55:47 IST" skipped="0">
  <testcase classname="com.cms.testcases.DashboardTest" name="ValidateAddTaskFunctionalityAfterClockOut" time="13.145"/>
  <system-out/>
</testsuite> <!-- com.cms.testcases.DashboardTest -->
