<?xml version="1.0" encoding="UTF-8"?>
<!-- Generated by org.testng.reporters.JUnitReportReporter -->
<testsuite hostname="AmitKumar-AtlasAdm" failures="0" tests="2" name="com.cms.testcases.RegularizationTest" time="31.909" errors="0" timestamp="2025-08-25T03:26:08 GMT-04:00" skipped="0">
  <testcase classname="com.cms.testcases.RegularizationTest" name="DeleteTestUserRecord" time="2.074"/>
  <system-out/>
  <testcase classname="com.cms.testcases.RegularizationTest" name="ValidateRegularizationFunctionality" time="29.835"/>
  <system-out/>
</testsuite> <!-- com.cms.testcases.RegularizationTest -->
