<?xml version="1.0" encoding="UTF-8"?>
<!-- Generated by org.testng.reporters.JUnitReportReporter -->
<testsuite hostname="AmitKumar-AtlasAdm" failures="0" tests="2" name="com.cms.testcases.ApplyLeaveTest2" time="29.427" errors="0" timestamp="2025-07-25T17:46:36 IST" skipped="0">
  <testcase classname="com.cms.testcases.ApplyLeaveTest2" name="DeleteTestUserRecord" time="2.838"/>
  <system-out/>
  <testcase classname="com.cms.testcases.ApplyLeaveTest2" name="ValidateapplyLeaveFunctionality" time="26.589"/>
  <system-out/>
</testsuite> <!-- com.cms.testcases.ApplyLeaveTest2 -->
