<?xml version="1.0" encoding="UTF-8"?>
<!-- Generated by org.testng.reporters.JUnitReportReporter -->
<testsuite hostname="AmitKumar-AtlasAdm" failures="0" tests="5" name="com.cms.testcases.AddTaskTestNegativeScenario_3" time="49.008" errors="0" timestamp="2025-07-31T18:57:33 IST" skipped="0">
  <testcase classname="com.cms.testcases.AddTaskTestNegativeScenario_3" name="ValidateClockIn" time="3.187"/>
  <system-out/>
  <testcase classname="com.cms.testcases.AddTaskTestNegativeScenario_3" name="ValidateBreakIn" time="1.144"/>
  <system-out/>
  <testcase classname="com.cms.testcases.AddTaskTestNegativeScenario_3" name="ValidateBreakOut" time="1.429"/>
  <system-out/>
  <testcase classname="com.cms.testcases.AddTaskTestNegativeScenario_3" name="ValidateClockOut" time="1.172"/>
  <system-out/>
  <testcase classname="com.cms.testcases.AddTaskTestNegativeScenario_3" name="ValidateAddTaskFunctionalityAfterClockOut" time="42.076"/>
  <system-out/>
</testsuite> <!-- com.cms.testcases.AddTaskTestNegativeScenario_3 -->
