<?xml version="1.0" encoding="UTF-8"?>
<!-- Generated by org.testng.reporters.JUnitReportReporter -->
<testsuite hostname="AmitKumar-AtlasAdm" failures="0" tests="2" name="com.cms.testcases.TimesheetSubmissionScenario2" time="113.291" errors="0" timestamp="2025-07-31T18:21:50 IST" skipped="0">
  <testcase classname="com.cms.testcases.TimesheetSubmissionScenario2" name="DeleteTestUserRecord" time="2.904"/>
  <system-out/>
  <testcase classname="com.cms.testcases.TimesheetSubmissionScenario2" name="ValidateaddNewTimesheetFunctionalityWithClockOutScenario" time="110.387"/>
  <system-out/>
</testsuite> <!-- com.cms.testcases.TimesheetSubmissionScenario2 -->
