<?xml version="1.0" encoding="UTF-8"?>
<!-- Generated by org.testng.reporters.JUnitReportReporter -->
<testsuite hostname="AmitKumar-AtlasAdm" failures="0" tests="1" name="com.cms.testcases.ApplyLeaveTest" time="27.089" errors="0" timestamp="2025-06-20T09:51:09 GMT-04:00" skipped="0">
  <testcase classname="com.cms.testcases.ApplyLeaveTest" name="ValidateaddNewTimesheetFunctionality" time="27.089"/>
  <system-out/>
</testsuite> <!-- com.cms.testcases.ApplyLeaveTest -->
