<?xml version="1.0" encoding="UTF-8"?>
<!-- Generated by org.testng.reporters.JUnitReportReporter -->
<testsuite hostname="AmitKumar-AtlasAdm" failures="0" tests="1" name="com.cms.testcases.NewTimesheetSubmission" time="613.996" errors="0" timestamp="2025-08-04T08:23:48 GMT-04:00" skipped="0">
  <testcase classname="com.cms.testcases.NewTimesheetSubmission" name="ValidateaddNewTimesheetFunctionality" time="613.996"/>
  <system-out/>
</testsuite> <!-- com.cms.testcases.NewTimesheetSubmission -->
