<?xml version="1.0" encoding="UTF-8"?>
<!-- Generated by org.testng.reporters.JUnitReportReporter -->
<testsuite hostname="AmitKumar-AtlasAdm" failures="0" tests="6" name="com.cms.testcases.AddTaskTest" time="49.907" errors="0" timestamp="2025-07-29T10:37:54 IST" skipped="0">
  <testcase classname="com.cms.testcases.AddTaskTest" name="DeleteTestUserRecord" time="2.723"/>
  <system-out/>
  <testcase classname="com.cms.testcases.AddTaskTest" name="ValidateClockIn" time="1.857"/>
  <system-out/>
  <testcase classname="com.cms.testcases.AddTaskTest" name="ValidateBreakIn" time="1.416"/>
  <system-out/>
  <testcase classname="com.cms.testcases.AddTaskTest" name="ValidateBreakOut" time="1.495"/>
  <system-out/>
  <testcase classname="com.cms.testcases.AddTaskTest" name="ValidateClockOut" time="1.325"/>
  <system-out/>
  <testcase classname="com.cms.testcases.AddTaskTest" name="ValidateAddTaskFunctionalityAfterClockOut" time="41.091"/>
  <system-out/>
</testsuite> <!-- com.cms.testcases.AddTaskTest -->
