<?xml version="1.0" encoding="UTF-8"?>
<!-- Generated by org.testng.reporters.JUnitReportReporter -->
<testsuite hostname="AmitKumar-AtlasAdm" failures="0" tests="1" name="com.cms.testcases.LoginTest" time="10.569" errors="0" timestamp="2025-04-18T11:10:36 IST" skipped="0">
  <testcase classname="com.cms.testcases.LoginTest" name="ValidateLoginFunctionality" time="10.569"/>
  <system-out/>
</testsuite> <!-- com.cms.testcases.LoginTest -->
