<?xml version="1.0" encoding="UTF-8"?>
<!-- Generated by org.testng.reporters.JUnitReportReporter -->
<testsuite hostname="AmitKumar-AtlasAdm" failures="0" tests="2" name="com.cms.testcases.CopyTimesheetSubmissionTest" time="112.566" errors="0" timestamp="2025-07-24T17:50:37 IST" skipped="0">
  <testcase classname="com.cms.testcases.CopyTimesheetSubmissionTest" name="DeleteTestUserRecord" time="2.739"/>
  <system-out/>
  <testcase classname="com.cms.testcases.CopyTimesheetSubmissionTest" name="ValidateaddNewTimesheetFunctionality" time="109.827"/>
  <system-out/>
</testsuite> <!-- com.cms.testcases.CopyTimesheetSubmissionTest -->
