<?xml version="1.0" encoding="UTF-8"?>
<!-- Generated by org.testng.reporters.JUnitReportReporter -->
<testsuite hostname="AmitKumar-AtlasAdm" failures="0" tests="1" name="com.cms.testcases.ProposalTest" time="50.508" errors="0" timestamp="2025-01-13T18:44:48 IST" skipped="0">
  <testcase classname="com.cms.testcases.ProposalTest" name="VerifyAddNewAccountFunctionality" time="50.508"/>
  <system-out/>
</testsuite> <!-- com.cms.testcases.ProposalTest -->
