<?xml version="1.0" encoding="UTF-8"?>
<!-- Generated by org.testng.reporters.JUnitReportReporter -->
<testsuite hostname="AmitKumar-AtlasAdm" failures="0" tests="1" name="com.cms.testcases.AddTaskTestScenario2" time="68.643" errors="0" timestamp="2025-04-30T12:40:13 IST" skipped="0">
  <testcase classname="com.cms.testcases.AddTaskTestScenario2" name="ValidateUserAccessPermission" time="68.643"/>
  <system-out/>
</testsuite> <!-- com.cms.testcases.AddTaskTestScenario2 -->
