<?xml version="1.0" encoding="UTF-8"?>
<!-- Generated by org.testng.reporters.JUnitReportReporter -->
<testsuite hostname="AmitKumar-AtlasAdm" failures="0" tests="14" name="com.cms.testcases.Modified_E2ETest" time="319.586" errors="0" timestamp="2025-01-09T13:00:35 IST" skipped="0">
  <testcase classname="com.cms.testcases.Modified_E2ETest" name="VerifyAddNewAccountFunctionality" time="59.647"/>
  <system-out/>
  <testcase classname="com.cms.testcases.Modified_E2ETest" name="GetAccount" time="6.107"/>
  <system-out/>
  <testcase classname="com.cms.testcases.Modified_E2ETest" name="DeleteAccount" time="4.910"/>
  <system-out/>
  <testcase classname="com.cms.testcases.Modified_E2ETest" name="VerifyAddNewContactFunctionality" time="141.283"/>
  <system-out/>
  <testcase classname="com.cms.testcases.Modified_E2ETest" name="GetContact" time="4.357"/>
  <system-out/>
  <testcase classname="com.cms.testcases.Modified_E2ETest" name="DeleteContact" time="4.341"/>
  <system-out/>
  <testcase classname="com.cms.testcases.Modified_E2ETest" name="VerifyAddNewProjectFunctionality" time="53.810"/>
  <system-out/>
  <testcase classname="com.cms.testcases.Modified_E2ETest" name="GetProject" time="4.397"/>
  <system-out/>
  <testcase classname="com.cms.testcases.Modified_E2ETest" name="DeleteProject" time="4.338"/>
  <system-out/>
  <testcase classname="com.cms.testcases.Modified_E2ETest" name="GetTeam" time="4.399"/>
  <system-out/>
  <testcase classname="com.cms.testcases.Modified_E2ETest" name="DeleteTeam" time="4.391"/>
  <system-out/>
  <testcase classname="com.cms.testcases.Modified_E2ETest" name="VerifyAddNewTeamFunctionality" time="18.869"/>
  <system-out/>
  <testcase classname="com.cms.testcases.Modified_E2ETest" name="GetTeam2" time="4.387"/>
  <system-out/>
  <testcase classname="com.cms.testcases.Modified_E2ETest" name="DeleteTeam2" time="4.350"/>
  <system-out/>
</testsuite> <!-- com.cms.testcases.Modified_E2ETest -->
