<?xml version="1.0" encoding="UTF-8"?>
<!-- Generated by org.testng.reporters.JUnitReportReporter -->
<testsuite hostname="AmitKumar-AtlasAdm" failures="0" tests="1" name="com.cms.testcases.AddTaskTest" time="68.264" errors="0" timestamp="2025-02-25T17:21:33 IST" skipped="0">
  <testcase classname="com.cms.testcases.AddTaskTest" name="ValidateUserAccessPermission" time="68.264"/>
  <system-out/>
</testsuite> <!-- com.cms.testcases.AddTaskTest -->
