<?xml version="1.0" encoding="UTF-8"?>
<!-- Generated by org.testng.reporters.JUnitReportReporter -->
<testsuite hostname="AmitKumar-AtlasAdm" failures="0" tests="1" name="com.cms.testcases.TaskTest" time="13.658" errors="0" timestamp="2025-01-23T17:51:33 IST" skipped="0">
  <testcase classname="com.cms.testcases.TaskTest" name="ValidateUserAccessPermission" time="13.658"/>
  <system-out/>
</testsuite> <!-- com.cms.testcases.TaskTest -->
