<?xml version="1.0" encoding="UTF-8"?>
<!-- Generated by org.testng.reporters.JUnitReportReporter -->
<testsuite hostname="AmitKumar-AtlasAdm" failures="0" tests="1" name="com.cms.testcases.AddNewTimesheetTest" time="29.654" errors="0" timestamp="2025-04-11T05:35:16 GMT-04:00" skipped="0">
  <testcase classname="com.cms.testcases.AddNewTimesheetTest" name="ValidateUserAccessPermission" time="29.654"/>
  <system-out/>
</testsuite> <!-- com.cms.testcases.AddNewTimesheetTest -->
