<?xml version="1.0" encoding="UTF-8"?>
<!-- Generated by org.testng.reporters.JUnitReportReporter -->
<testsuite hostname="AmitKumar-AtlasAdm" failures="0" tests="2" name="com.cms.testcases.TimesheetSubmissionScenario3" time="98.824" errors="0" timestamp="2025-07-31T18:26:55 IST" skipped="0">
  <testcase classname="com.cms.testcases.TimesheetSubmissionScenario3" name="DeleteTestUserRecord" time="2.579"/>
  <system-out/>
  <testcase classname="com.cms.testcases.TimesheetSubmissionScenario3" name="ValidateaddNewTimesheetFunctionality" time="96.245"/>
  <system-out/>
</testsuite> <!-- com.cms.testcases.TimesheetSubmissionScenario3 -->
