<?xml version="1.0" encoding="UTF-8"?>
<!-- Generated by org.testng.reporters.JUnitReportReporter -->
<testsuite hostname="AmitKumar-AtlasAdm" failures="0" tests="1" name="com.cms.testcases.LoginTest" time="13.934" errors="0" timestamp="2025-07-31T12:53:07 IST" skipped="0">
  <testcase classname="com.cms.testcases.LoginTest" name="ValidateLoginFunctionality" time="13.934"/>
  <system-out/>
</testsuite> <!-- com.cms.testcases.LoginTest -->
