<?xml version="1.0" encoding="UTF-8"?>
<!-- Generated by org.testng.reporters.JUnitReportReporter -->
<testsuite hostname="AmitKumar-AtlasAdm" failures="0" tests="2" name="com.cms.testcases.TimesheetSubmissionScenario4" time="117.886" errors="0" timestamp="2025-07-30T13:09:17 IST" skipped="0">
  <testcase classname="com.cms.testcases.TimesheetSubmissionScenario4" name="DeleteTestUserRecord" time="3.293"/>
  <system-out/>
  <testcase classname="com.cms.testcases.TimesheetSubmissionScenario4" name="ValidateaddNewTimesheetFunctionality" time="114.593"/>
  <system-out/>
</testsuite> <!-- com.cms.testcases.TimesheetSubmissionScenario4 -->
