<?xml version="1.0" encoding="UTF-8"?>
<!-- Generated by org.testng.reporters.JUnitReportReporter -->
<testsuite hostname="AmitKumar-AtlasAdm" failures="0" tests="2" name="com.cms.testcases.TimesheetSubmissionScenario5" time="112.633" errors="0" timestamp="2025-07-31T19:05:24 IST" skipped="0">
  <testcase classname="com.cms.testcases.TimesheetSubmissionScenario5" name="DeleteTestUserRecord" time="2.691"/>
  <system-out/>
  <testcase classname="com.cms.testcases.TimesheetSubmissionScenario5" name="ValidateaddNewTimesheetFunctionality" time="109.942"/>
  <system-out/>
</testsuite> <!-- com.cms.testcases.TimesheetSubmissionScenario5 -->
