<?xml version="1.0" encoding="UTF-8"?>
<!-- Generated by org.testng.reporters.JUnitReportReporter -->
<testsuite hostname="AmitKumar-AtlasAdm" failures="0" tests="6" name="com.cms.testcases.AddTaskTest" time="49.255" errors="0" timestamp="2025-07-30T14:52:19 IST" skipped="0">
  <testcase classname="com.cms.testcases.AddTaskTest" name="DeleteTestUserRecord" time="2.733"/>
  <system-out/>
  <testcase classname="com.cms.testcases.AddTaskTest" name="ValidateClockIn" time="1.752"/>
  <system-out/>
  <testcase classname="com.cms.testcases.AddTaskTest" name="ValidateBreakIn" time="1.255"/>
  <system-out/>
  <testcase classname="com.cms.testcases.AddTaskTest" name="ValidateBreakOut" time="1.364"/>
  <system-out/>
  <testcase classname="com.cms.testcases.AddTaskTest" name="ValidateClockOut" time="1.269"/>
  <system-out/>
  <testcase classname="com.cms.testcases.AddTaskTest" name="ValidateAddTaskFunctionalityAfterClockOut" time="40.882"/>
  <system-out/>
</testsuite> <!-- com.cms.testcases.AddTaskTest -->
