<?xml version="1.0" encoding="UTF-8"?>
<!-- Generated by org.testng.reporters.JUnitReportReporter -->
<testsuite hostname="AmitKumar-AtlasAdm" failures="0" tests="1" name="com.cms.testcases.Gross_TaskHourValidationTest" time="88.103" errors="0" timestamp="2025-04-16T16:57:19 IST" skipped="0">
  <testcase classname="com.cms.testcases.Gross_TaskHourValidationTest" name="ValidateUserAccessPermission" time="88.103"/>
  <system-out/>
</testsuite> <!-- com.cms.testcases.Gross_TaskHourValidationTest -->
