<?xml version="1.0" encoding="UTF-8"?>
<!-- Generated by org.testng.reporters.JUnitReportReporter -->
<testsuite hostname="AmitKumar-AtlasAdm" failures="0" tests="2" name="com.cms.testcases.TimesheetSubmissionScenario2" time="114.236" errors="0" timestamp="2025-07-30T13:04:34 IST" skipped="0">
  <testcase classname="com.cms.testcases.TimesheetSubmissionScenario2" name="DeleteTestUserRecord" time="2.918"/>
  <system-out/>
  <testcase classname="com.cms.testcases.TimesheetSubmissionScenario2" name="ValidateaddNewTimesheetFunctionalityWithClockOutScenario" time="111.318"/>
  <system-out/>
</testsuite> <!-- com.cms.testcases.TimesheetSubmissionScenario2 -->
