<?xml version="1.0" encoding="UTF-8"?>
<!-- Generated by org.testng.reporters.JUnitReportReporter -->
<testsuite hostname="AmitKumar-AtlasAdm" failures="0" tests="2" name="com.cms.testcases.Delete_Multiple_Team" time="44.813" errors="0" timestamp="2024-07-17T13:54:12 IST" skipped="0">
  <testcase classname="com.cms.testcases.Delete_Multiple_Team" name="VerifyAddNewTeamFunctionality" time="27.692"/>
  <system-out/>
  <testcase classname="com.cms.testcases.Delete_Multiple_Team" name="GetTeam" time="17.121"/>
  <system-out/>
</testsuite> <!-- com.cms.testcases.Delete_Multiple_Team -->
