<?xml version="1.0" encoding="UTF-8"?>
<!-- Generated by org.testng.reporters.JUnitReportReporter -->
<<<<<<< HEAD
<testsuite hostname="AmitKumar-AtlasAdm" failures="0" tests="4" name="com.cms.testcases.AddTaskTestScenario2" time="45.757" errors="0" timestamp="2025-08-28T03:31:51 GMT-04:00" skipped="0">
  <testcase classname="com.cms.testcases.AddTaskTestScenario2" name="ValidateClockIn" time="2.812"/>
  <system-out/>
  <testcase classname="com.cms.testcases.AddTaskTestScenario2" name="ValidateBreakIn" time="0.722"/>
  <system-out/>
  <testcase classname="com.cms.testcases.AddTaskTestScenario2" name="ValidateBreakOut" time="0.679"/>
  <system-out/>
  <testcase classname="com.cms.testcases.AddTaskTestScenario2" name="ValidateAddTaskFunctionalityAfterClockOut" time="41.544"/>
=======
<testsuite hostname="AmitKumar-AtlasAdm" failures="0" tests="4" name="com.cms.testcases.AddTaskTestScenario2" time="47.541" errors="0" timestamp="2025-07-31T18:08:57 IST" skipped="0">
  <testcase classname="com.cms.testcases.AddTaskTestScenario2" name="ValidateClockIn" time="3.376"/>
  <system-out/>
  <testcase classname="com.cms.testcases.AddTaskTestScenario2" name="ValidateBreakIn" time="1.424"/>
  <system-out/>
  <testcase classname="com.cms.testcases.AddTaskTestScenario2" name="ValidateBreakOut" time="1.485"/>
  <system-out/>
  <testcase classname="com.cms.testcases.AddTaskTestScenario2" name="ValidateAddTaskFunctionalityAfterClockOut" time="41.256"/>
>>>>>>> afe53dadd2d36ae04716e878708d2494adee785f
  <system-out/>
</testsuite> <!-- com.cms.testcases.AddTaskTestScenario2 -->
