<?xml version="1.0" encoding="UTF-8"?>
<!-- Generated by org.testng.reporters.JUnitReportReporter -->
<testsuite hostname="AmitKumar-AtlasAdm" failures="0" tests="5" name="com.cms.testcases.Create_deleteProject" time="88.541" errors="0" timestamp="2024-05-30T17:52:38 IST" skipped="0">
  <testcase classname="com.cms.testcases.Create_deleteProject" name="VerifyAddNewProjectFunctionality" time="31.696"/>
  <system-out/>
  <testcase classname="com.cms.testcases.Create_deleteProject" name="VerifySearchProjectFunctionality" time="13.573"/>
  <system-out/>
  <testcase classname="com.cms.testcases.Create_deleteProject" name="GetProject" time="7.281"/>
  <system-out/>
  <testcase classname="com.cms.testcases.Create_deleteProject" name="DeleteProject" time="2.368"/>
  <system-out/>
  <testcase classname="com.cms.testcases.Create_deleteProject" name="SearchCreatedAccount2" time="33.623"/>
  <system-out/>
</testsuite> <!-- com.cms.testcases.Create_deleteProject -->
