<?xml version="1.0" encoding="UTF-8"?>
<!-- Generated by org.testng.reporters.JUnitReportReporter -->
<testsuite hostname="AmitKumar-AtlasAdm" failures="0" tests="2" name="com.cms.testcases.ApplyLeaveNegativeScenarioTest2_HalfDayLeave" time="40.790" errors="0" timestamp="2025-07-31T19:20:37 IST" skipped="0">
  <testcase classname="com.cms.testcases.ApplyLeaveNegativeScenarioTest2_HalfDayLeave" name="DeleteTestUserRecord" time="2.705"/>
  <system-out/>
  <testcase classname="com.cms.testcases.ApplyLeaveNegativeScenarioTest2_HalfDayLeave" name="ValidateaddNewTimesheetFunctionality" time="38.085"/>
  <system-out/>
</testsuite> <!-- com.cms.testcases.ApplyLeaveNegativeScenarioTest2_HalfDayLeave -->
