<?xml version="1.0" encoding="UTF-8"?>
<!-- Generated by org.testng.reporters.JUnitReportReporter -->
<testsuite hostname="AmitKumar-AtlasAdm" failures="0" tests="2" name="com.cms.testcases.TimesheetSubmissionScenario4" time="115.292" errors="0" timestamp="2025-08-18T01:17:26 GMT-04:00" skipped="0">
  <testcase classname="com.cms.testcases.TimesheetSubmissionScenario4" name="DeleteTestUserRecord" time="2.601"/>
  <system-out/>
  <testcase classname="com.cms.testcases.TimesheetSubmissionScenario4" name="ValidateaddNewTimesheetFunctionality" time="112.691"/>
  <system-out/>
</testsuite> <!-- com.cms.testcases.TimesheetSubmissionScenario4 -->
