<?xml version="1.0" encoding="UTF-8"?>
<!-- Generated by org.testng.reporters.JUnitReportReporter -->
<testsuite hostname="AmitKumar-AtlasAdm" failures="0" tests="1" name="com.cms.testcases.TimesheetSubmissionTest" time="38.098" errors="0" timestamp="2025-06-24T08:18:33 GMT-04:00" skipped="0">
  <testcase classname="com.cms.testcases.TimesheetSubmissionTest" name="ValidateaddNewTimesheetFunctionality" time="38.098"/>
  <system-out/>
</testsuite> <!-- com.cms.testcases.TimesheetSubmissionTest -->
