<?xml version="1.0" encoding="UTF-8"?>
<!-- Generated by org.testng.reporters.JUnitReportReporter -->
<testsuite hostname="AmitKumar-AtlasAdm" failures="0" tests="2" name="com.cms.testcases.TimesheetSubmissionScenario2" time="125.195" errors="0" timestamp="2025-08-20T07:54:01 GMT-04:00" skipped="0">
  <testcase classname="com.cms.testcases.TimesheetSubmissionScenario2" name="DeleteTestUserRecord" time="2.966"/>
  <system-out/>
  <testcase classname="com.cms.testcases.TimesheetSubmissionScenario2" name="ValidateaddNewTimesheetFunctionalityWithClockOutScenario" time="122.229"/>
  <system-out/>
</testsuite> <!-- com.cms.testcases.TimesheetSubmissionScenario2 -->
