<?xml version="1.0" encoding="UTF-8"?>
<!-- Generated by org.testng.reporters.JUnitReportReporter -->
<testsuite hostname="AmitKumar-AtlasAdm" failures="0" tests="2" name="com.cms.testcases.TimesheetSubmissionScenario1" time="114.485" errors="0" timestamp="2025-08-20T01:28:38 GMT-04:00" skipped="0">
  <testcase classname="com.cms.testcases.TimesheetSubmissionScenario1" name="DeleteTestUserRecord" time="2.167"/>
  <system-out/>
  <testcase classname="com.cms.testcases.TimesheetSubmissionScenario1" name="ValidateaddNewTimesheetFunctionality" time="112.318"/>
  <system-out/>
</testsuite> <!-- com.cms.testcases.TimesheetSubmissionScenario1 -->
