<?xml version="1.0" encoding="UTF-8"?>
<!-- Generated by org.testng.reporters.JUnitReportReporter -->
<testsuite hostname="AmitKumar-AtlasAdm" failures="0" tests="2" name="com.cms.testcases.Validate_UserInterfaceAttendanceFunctionality" time="224.010" errors="0" timestamp="2025-07-31T19:10:05 IST" skipped="0">
  <testcase classname="com.cms.testcases.Validate_UserInterfaceAttendanceFunctionality" name="DeleteTestUserRecord" time="2.555"/>
  <system-out/>
  <testcase classname="com.cms.testcases.Validate_UserInterfaceAttendanceFunctionality" name="ValidateAddedTimesheetEntry" time="221.455"/>
  <system-out/>
</testsuite> <!-- com.cms.testcases.Validate_UserInterfaceAttendanceFunctionality -->
