<?xml version="1.0" encoding="UTF-8"?>
<!-- Generated by org.testng.reporters.JUnitReportReporter -->
<testsuite hostname="AmitKumar-AtlasAdm" failures="0" tests="1" name="com.cms.testcases.MultipleClockInTest" time="119.788" errors="0" timestamp="2025-04-18T11:05:18 IST" skipped="0">
  <testcase classname="com.cms.testcases.MultipleClockInTest" name="ValidateUserAccessPermission" time="119.788"/>
  <system-out/>
</testsuite> <!-- com.cms.testcases.MultipleClockInTest -->
