<?xml version="1.0" encoding="UTF-8"?>
<!-- Generated by org.testng.reporters.JUnitReportReporter -->
<testsuite hostname="AmitKumar-AtlasAdm" failures="0" tests="3" name="com.cms.testcases.ProjectTest2" time="55.552" errors="0" timestamp="2024-11-13T17:39:08 IST" skipped="0">
  <testcase classname="com.cms.testcases.ProjectTest2" name="VerifyAddNewProjectFunctionality" time="53.266"/>
  <system-out/>
  <testcase classname="com.cms.testcases.ProjectTest2" name="GetProject" time="2.285"/>
  <system-out/>
  <testcase classname="com.cms.testcases.ProjectTest2" name="AllValidationCheck" time="0.001"/>
  <system-out/>
</testsuite> <!-- com.cms.testcases.ProjectTest2 -->
