<?xml version="1.0" encoding="UTF-8"?>
<!-- Generated by org.testng.reporters.JUnitReportReporter -->
<testsuite hostname="AmitKumar-AtlasAdm" failures="0" tests="1" name="com.cms.testcases.AddNewTimesheetTest" time="25.240" errors="0" timestamp="2025-02-22T15:43:36 IST" skipped="0">
  <testcase classname="com.cms.testcases.AddNewTimesheetTest" name="ValidateUserAccessPermission" time="25.240"/>
  <system-out/>
</testsuite> <!-- com.cms.testcases.AddNewTimesheetTest -->
